<?xml version="1.0" encoding="UTF-8"?>
<!-- Generated by org.testng.reporters.JUnitReportReporter -->
<testsuite hostname="DESKTOP-LKA9B6H" failures="0" tests="2" name="maven_package.TestScript_01" time="0.014" errors="0" timestamp="2023-03-31T11:57:22 IST" skipped="0">
  <testcase classname="maven_package.TestScript_01" name="testscript01" time="0.012"/>
  <system-out/>
  <testcase classname="maven_package.TestScript_01" name="testscript02" time="0.002"/>
  <system-out/>
</testsuite> <!-- maven_package.TestScript_01 -->
