<?xml version="1.0" encoding="UTF-8"?>
<!-- Generated by org.testng.reporters.JUnitReportReporter -->
<testsuite hostname="DESKTOP-LKA9B6H" failures="0" tests="4" name="practicepackage.TestScript_01" time="0.021" errors="0" timestamp="2023-03-29T14:35:02 IST" skipped="0">
  <testcase classname="practicepackage.TestScript_01" name="thirdmethod" time="0.004"/>
  <system-out/>
  <testcase classname="practicepackage.TestScript_01" name="Secondmethod" time="0.002"/>
  <system-out/>
  <testcase classname="practicepackage.TestScript_01" name="fourmethod" time="0.012"/>
  <system-out/>
  <testcase classname="practicepackage.TestScript_01" name="firstmethod" time="0.003"/>
  <system-out/>
</testsuite> <!-- practicepackage.TestScript_01 -->
