<?xml version="1.0" encoding="UTF-8"?>
<!-- Generated by org.testng.reporters.JUnitReportReporter -->
<testsuite hostname="DESKTOP-LKA9B6H" failures="0" tests="4" name="practicepackage.TestScript_02" time="0.004" errors="0" timestamp="2023-03-29T14:35:02 IST" skipped="0">
  <testcase classname="practicepackage.TestScript_02" name="Sixmethod" time="0.001"/>
  <system-out/>
  <testcase classname="practicepackage.TestScript_02" name="fifthmethod" time="0.001"/>
  <system-out/>
  <testcase classname="practicepackage.TestScript_02" name="Eightmethod" time="0.001"/>
  <system-out/>
  <testcase classname="practicepackage.TestScript_02" name="Seventhmethod" time="0.001"/>
  <system-out/>
</testsuite> <!-- practicepackage.TestScript_02 -->
