<?xml version="1.0" encoding="UTF-8"?>
<!-- Generated by org.testng.reporters.JUnitReportReporter -->
<testsuite hostname="DESKTOP-LKA9B6H" failures="0" tests="1" name="practicepackage.OrderOfAnnotationExecution" time="0.008" errors="0" timestamp="2023-03-24T10:17:47 IST" skipped="0">
  <testcase classname="practicepackage.OrderOfAnnotationExecution" name="addTeacher" time="0.008"/>
  <system-out/>
</testsuite> <!-- practicepackage.OrderOfAnnotationExecution -->
