<?xml version="1.0" encoding="UTF-8"?>
<!-- Generated by org.testng.reporters.JUnitReportReporter -->
<testsuite hostname="DESKTOP-LKA9B6H" failures="0" tests="2" name="practicepackage.DataPro" time="0.014" errors="0" timestamp="2023-03-24T11:36:20 IST" skipped="0">
  <testcase classname="practicepackage.DataPro" name="getData" time="0.004"/>
  <system-out/>
  <testcase classname="practicepackage.DataPro" name="getData" time="0.010"/>
  <system-out/>
</testsuite> <!-- practicepackage.DataPro -->
