<?xml version="1.0" encoding="UTF-8"?>
<!-- Generated by org.testng.reporters.JUnitReportReporter -->
<testsuite hostname="DESKTOP-LKA9B6H" failures="0" tests="2" name="practicepackage.SoftAssertTest" time="0.024" errors="0" timestamp="2023-03-28T09:54:31 IST" skipped="0">
  <testcase classname="practicepackage.SoftAssertTest" name="softassert01" time="0.021"/>
  <system-out/>
  <testcase classname="practicepackage.SoftAssertTest" name="softassert02" time="0.003"/>
  <system-out/>
</testsuite> <!-- practicepackage.SoftAssertTest -->
