<?xml version="1.0" encoding="UTF-8"?>
<!-- Generated by org.testng.reporters.JUnitReportReporter -->
<testsuite skipped="0" hostname="DESKTOP-LKA9B6H" name="admin_addNewTeacher.Admin_AddTeacher" tests="1" failures="0" timestamp="2023-03-31T18:43:37 IST" time="148.072" errors="0">
  <testcase name="addTeacher" time="148.072" classname="admin_addNewTeacher.Admin_AddTeacher"/>
  <system-out/>
</testsuite> <!-- admin_addNewTeacher.Admin_AddTeacher -->
